<?xml version="1.0" encoding="UTF-8"?>
<testsuite xmlns:xsi="http://www.w3.org/2001/XMLSchema-instance" xsi:noNamespaceSchemaLocation="https://maven.apache.org/surefire/maven-surefire-plugin/xsd/surefire-test-report-3.0.xsd" version="3.0" name="com.mycompany.registration.LoginTest" time="0.173" tests="16" errors="0" skipped="0" failures="0">
  <properties>
[...]
</properties>
  <testcase name="testRegisterUser_AllValid" classname="com.mycompany.registration.LoginTest" time="0.054"/>
  <testcase name="testLoginStatus_Success" classname="com.mycompany.registration.LoginTest" time="0.007"/>
  <testcase name="testUsernameValid" classname="com.mycompany.registration.LoginTest" time="0.003"/>
  <testcase name="testUsernameInvalid_TooLong" classname="com.mycompany.registration.LoginTest" time="0.003"/>
  <testcase name="testLoginStatus_Failure" classname="com.mycompany.registration.LoginTest" time="0.003"/>
  <testcase name="testPasswordInvalid_MissingSpecial" classname="com.mycompany.registration.LoginTest" time="0.002"/>
  <testcase name="testLoginFailsDueToWrongCellPhone" classname="com.mycompany.registration.LoginTest" time="0.002"/>
  <testcase name="testPasswordValidComplexity" classname="com.mycompany.registration.LoginTest" time="0.001"/>
  <testcase name="testRegisterUser_InvalidUsername" classname="com.mycompany.registration.LoginTest" time="0.001"/>
  <testcase name="testRegisterUser_InvalidPhone" classname="com.mycompany.registration.LoginTest" time="0.002"/>
  <testcase name="testCellPhoneInvalid_MissingPlus" classname="com.mycompany.registration.LoginTest" time="0.001"/>
  <testcase name="testUsernameInvalid_NoUnderscore" classname="com.mycompany.registration.LoginTest" time="0.002"/>
  <testcase name="testCellPhoneValid" classname="com.mycompany.registration.LoginTest" time="0.001"/>
  <testcase name="testPasswordInvalid_MissingDigit" classname="com.mycompany.registration.LoginTest" time="0.002"/>
  <testcase name="testPasswordInvalid_MissingUpper" classname="com.mycompany.registration.LoginTest" time="0.002"/>
  <testcase name="testRegisterUser_InvalidPassword" classname="com.mycompany.registration.LoginTest" time="0.003"/>
</testsuite>