<?xml version="1.0" encoding="UTF-8"?>
<testsuite xmlns:xsi="http://www.w3.org/2001/XMLSchema-instance" xsi:noNamespaceSchemaLocation="https://maven.apache.org/surefire/maven-surefire-plugin/xsd/surefire-test-report-3.0.xsd" version="3.0" name="com.mycompany.registration.MessageTest" time="0.237" tests="14" errors="0" skipped="0" failures="1">
  <properties>
[...]
</properties>
  <testcase name="testIsValidRecipient_Success" classname="com.mycompany.registration.MessageTest" time="0.068">
    <system-out><![CDATA[isValidRecipient - Success
]]></system-out>
  </testcase>
  <testcase name="testIsValidMessage_Failure_TooLong" classname="com.mycompany.registration.MessageTest" time="0.003">
    <system-out><![CDATA[isValidMessage - Failure (Too Long)
]]></system-out>
  </testcase>
  <testcase name="testStore" classname="com.mycompany.registration.MessageTest" time="0.014">
    <system-out><![CDATA[store
]]></system-out>
  </testcase>
  <testcase name="testSend" classname="com.mycompany.registration.MessageTest" time="0.004">
    <system-out><![CDATA[send
]]></system-out>
  </testcase>
  <testcase name="testIsValidRecipient_Failure_TooLong" classname="com.mycompany.registration.MessageTest" time="0.002">
    <system-out><![CDATA[isValidRecipient - Failure (Too Long)
]]></system-out>
  </testcase>
  <testcase name="testGetMessageDetails" classname="com.mycompany.registration.MessageTest" time="0.009">
    <system-out><![CDATA[getMessageDetails
]]></system-out>
  </testcase>
  <testcase name="testIsValidRecipient_Failure_Null" classname="com.mycompany.registration.MessageTest" time="0.003">
    <system-out><![CDATA[isValidRecipient - Failure (Null)
]]></system-out>
  </testcase>
  <testcase name="testMessageCreation_MessageID_and_Hash" classname="com.mycompany.registration.MessageTest" time="0.017">
    <failure message="Fifth message hash for message with extra spaces. ==&gt; expected: &lt;00:5AB&gt; but was: &lt;00:5  &gt;" type="org.opentest4j.AssertionFailedError"><![CDATA[org.opentest4j.AssertionFailedError: Fifth message hash for message with extra spaces. ==> expected: <00:5AB> but was: <00:5  >
	at org.junit.jupiter.api.AssertionFailureBuilder.build(AssertionFailureBuilder.java:151)
	at org.junit.jupiter.api.AssertionFailureBuilder.buildAndThrow(AssertionFailureBuilder.java:132)
	at org.junit.jupiter.api.AssertEquals.failNotEqual(AssertEquals.java:197)
	at org.junit.jupiter.api.AssertEquals.assertEquals(AssertEquals.java:182)
	at org.junit.jupiter.api.Assertions.assertEquals(Assertions.java:1156)
	at com.mycompany.registration.MessageTest.testMessageCreation_MessageID_and_Hash(MessageTest.java:191)
	at java.base/java.lang.reflect.Method.invoke(Method.java:565)
	at java.base/java.util.ArrayList.forEach(ArrayList.java:1604)
	at java.base/java.util.ArrayList.forEach(ArrayList.java:1604)
]]></failure>
    <system-out><![CDATA[Message Creation - MessageID and Hash
Actual hash for msg5: 00:5  
]]></system-out>
  </testcase>
  <testcase name="testIsValidMessage_Success" classname="com.mycompany.registration.MessageTest" time="0.002">
    <system-out><![CDATA[isValidMessage - Success
]]></system-out>
  </testcase>
  <testcase name="testIsValidRecipient_Failure_NoInternationalCode" classname="com.mycompany.registration.MessageTest" time="0.004">
    <system-out><![CDATA[isValidRecipient - Failure (No International Code)
]]></system-out>
  </testcase>
  <testcase name="testDisregard" classname="com.mycompany.registration.MessageTest" time="0.003">
    <system-out><![CDATA[disregard
]]></system-out>
  </testcase>
  <testcase name="testIsValidMessage_Success_Boundary250" classname="com.mycompany.registration.MessageTest" time="0.002">
    <system-out><![CDATA[isValidMessage - Success (Boundary 250)
]]></system-out>
  </testcase>
  <testcase name="testToJSON" classname="com.mycompany.registration.MessageTest" time="0.014">
    <system-out><![CDATA[toJSON
]]></system-out>
  </testcase>
  <testcase name="testIsValidMessage_Failure_Null" classname="com.mycompany.registration.MessageTest" time="0.002">
    <system-out><![CDATA[isValidMessage - Failure (Null)
]]></system-out>
  </testcase>
</testsuite>